DEBUG 2026-07-21 09:16:55.581 UTC: 	 CRAB Client version: v3.260630
DEBUG 2026-07-21 09:16:55.581 UTC: 	 Running on: Linux lxplus804.cern.ch 4.18.0-553.141.1.el8_10.x86_64 #1 SMP Sun Jul 5 20:51:13 EDT 2026 x86_64 x86_64 x86_64 GNU/Linux
DEBUG 2026-07-21 09:16:55.581 UTC: 	 Not using Singularity
DEBUG 2026-07-21 09:16:55.581 UTC: 	 Operating System: Red Hat Enterprise Linux 8.10 (Ootpa)
DEBUG 2026-07-21 09:16:55.581 UTC: 	 Executing command: 'submit'
DEBUG 2026-07-21 09:16:55.582 UTC: 	 Found CRAB cache file /afs/cern.ch/user/f/ffiore/.crab3
INFO 2026-07-21 09:16:55.587 UTC: 	 Will use CRAB configuration file crab_sub_2023LHEGS.py
DEBUG 2026-07-21 09:16:55.588 UTC: 	 Loading CRAB configuration file.
DEBUG 2026-07-21 09:16:55.593 UTC: 	 Will use CRAB plugin PRIVATEMC (i.e. will run an a MC generation job type).
ERROR 2026-07-21 09:16:55.601 UTC: 	 Cannot find the file runners/2023LHEGS_SMP/run_chain_test.sh specified in the JobType.scriptExe configuration parameter.
The documentation about the CRAB configuration file can be found in https://twiki.cern.ch/twiki/bin/view/CMSPublic/CRAB3ConfigurationFile
ERROR 2026-07-21 09:16:55.601 UTC: 	 Caught ClientException exception
Traceback (most recent call last):
  File "/cvmfs/cms.cern.ch/share/cms/crab-prod/v3.260630.00/bin/crab.py", line 157, in <module>
    client()
  File "/cvmfs/cms.cern.ch/share/cms/crab-prod/v3.260630.00/bin/crab.py", line 135, in __call__
    self.cmd = sub_cmd(self.logger, args[1:])  # the crab command to be executed
  File "/cvmfs/cms.cern.ch/share/cms/crab-prod/v3.260630.00/lib/CRABClient/Commands/submit.py", line 37, in __init__
    SubCommand.__init__(self, logger, cmdargs, disable_interspersed_args=True)
  File "/cvmfs/cms.cern.ch/share/cms/crab-prod/v3.260630.00/lib/CRABClient/Commands/SubCommand.py", line 326, in __init__
    self.loadConfig(self.options.config, self.args)
  File "/cvmfs/cms.cern.ch/share/cms/crab-prod/v3.260630.00/lib/CRABClient/Commands/SubCommand.py", line 95, in loadConfig
    raise ConfigurationException(configmsg)
CRABClient.ClientExceptions.ConfigurationException: Cannot find the file runners/2023LHEGS_SMP/run_chain_test.sh specified in the JobType.scriptExe configuration parameter.
The documentation about the CRAB configuration file can be found in https://twiki.cern.ch/twiki/bin/view/CMSPublic/CRAB3ConfigurationFile
INFO 2026-07-21 09:16:55.612 UTC: 	 Log file is /afs/cern.ch/user/f/ffiore/work/produzione/crab_MC_private/crab.log
DEBUG 2026-07-21 09:34:51.751 UTC: 	 CRAB Client version: v3.260630
DEBUG 2026-07-21 09:34:51.752 UTC: 	 Running on: Linux lxplus804.cern.ch 4.18.0-553.141.1.el8_10.x86_64 #1 SMP Sun Jul 5 20:51:13 EDT 2026 x86_64 x86_64 x86_64 GNU/Linux
DEBUG 2026-07-21 09:34:51.752 UTC: 	 Not using Singularity
DEBUG 2026-07-21 09:34:51.752 UTC: 	 Operating System: Red Hat Enterprise Linux 8.10 (Ootpa)
DEBUG 2026-07-21 09:34:51.752 UTC: 	 Executing command: 'submit'
DEBUG 2026-07-21 09:34:51.752 UTC: 	 Found CRAB cache file /afs/cern.ch/user/f/ffiore/.crab3
INFO 2026-07-21 09:34:51.753 UTC: 	 Will use CRAB configuration file crab_sub_2023LHEGS.py
DEBUG 2026-07-21 09:34:51.753 UTC: 	 Loading CRAB configuration file.
DEBUG 2026-07-21 09:34:51.759 UTC: 	 Will use CRAB plugin PRIVATEMC (i.e. will run an a MC generation job type).
ERROR 2026-07-21 09:34:51.765 UTC: 	 Working area '/afs/cern.ch/user/f/ffiore/work/produzione/crab_MC_private/VBS_semilep_ZZ_EWK_2023LHEGS_v12/crab_VBS_semilep_ZZ_EWK_2023LHEGS_v12' already exists 
Please change the requestName in the config file
ERROR 2026-07-21 09:34:51.765 UTC: 	 Caught ClientException exception
Traceback (most recent call last):
  File "/cvmfs/cms.cern.ch/share/cms/crab-prod/v3.260630.00/bin/crab.py", line 157, in <module>
    client()
  File "/cvmfs/cms.cern.ch/share/cms/crab-prod/v3.260630.00/bin/crab.py", line 135, in __call__
    self.cmd = sub_cmd(self.logger, args[1:])  # the crab command to be executed
  File "/cvmfs/cms.cern.ch/share/cms/crab-prod/v3.260630.00/lib/CRABClient/Commands/submit.py", line 37, in __init__
    SubCommand.__init__(self, logger, cmdargs, disable_interspersed_args=True)
  File "/cvmfs/cms.cern.ch/share/cms/crab-prod/v3.260630.00/lib/CRABClient/Commands/SubCommand.py", line 328, in __init__
    self.requestarea, self.requestname, self.logfile = createWorkArea(
  File "/cvmfs/cms.cern.ch/share/cms/crab-prod/v3.260630.00/lib/CRABClient/ClientUtilities.py", line 392, in createWorkArea
    raise ConfigException("Working area '%s' already exists \nPlease change the requestName in the config file" % fullpath)
CRABClient.ClientExceptions.ConfigException: Working area '/afs/cern.ch/user/f/ffiore/work/produzione/crab_MC_private/VBS_semilep_ZZ_EWK_2023LHEGS_v12/crab_VBS_semilep_ZZ_EWK_2023LHEGS_v12' already exists 
Please change the requestName in the config file
INFO 2026-07-21 09:34:51.768 UTC: 	 Log file is /afs/cern.ch/user/f/ffiore/work/produzione/crab_MC_private/crab.log
DEBUG 2026-07-21 09:49:28.563 UTC: 	 CRAB Client version: v3.260630
DEBUG 2026-07-21 09:49:28.563 UTC: 	 Running on: Linux lxplus804.cern.ch 4.18.0-553.141.1.el8_10.x86_64 #1 SMP Sun Jul 5 20:51:13 EDT 2026 x86_64 x86_64 x86_64 GNU/Linux
DEBUG 2026-07-21 09:49:28.563 UTC: 	 Not using Singularity
DEBUG 2026-07-21 09:49:28.563 UTC: 	 Operating System: Red Hat Enterprise Linux 8.10 (Ootpa)
DEBUG 2026-07-21 09:49:28.563 UTC: 	 Executing command: 'checkwrite'
DEBUG 2026-07-21 09:49:28.563 UTC: 	 Found CRAB cache file /afs/cern.ch/user/f/ffiore/.crab3
DEBUG 2026-07-21 09:49:28.564 UTC: 	 Checking credentials
DEBUG 2026-07-21 09:49:28.564 UTC: 	 Found proxy file /tmp/x509up_u178888
DEBUG 2026-07-21 09:49:28.564 UTC: 	 Making sure it has proper VOMS extension
DEBUG 2026-07-21 09:49:28.564 UTC: 	 Executing command :
 voms-proxy-info --vo --file /tmp/x509up_u178888
DEBUG 2026-07-21 09:49:28.582 UTC: 	 output : cms

 error: 
 retcode : 0
DEBUG 2026-07-21 09:49:28.582 UTC: 	 Getting proxy life time left
DEBUG 2026-07-21 09:49:28.582 UTC: 	 Executing command :
 voms-proxy-info --actimeleft --timeleft --file /tmp/x509up_u178888
DEBUG 2026-07-21 09:49:28.605 UTC: 	 output : 602767
602767

 error: 
 retcode : 0
DEBUG 2026-07-21 09:49:28.605 UTC: 	 Proxy valid for 167:26:07 hours
DEBUG 2026-07-21 09:49:28.605 UTC: 	 Retrieving username ...
DEBUG 2026-07-21 09:49:28.606 UTC: 	 Retrieving username from CRIC...
DEBUG 2026-07-21 09:49:29.428 UTC: 	 username is ffiore
INFO 2026-07-21 09:49:29.902 UTC: 	 Rucio client intialized for account ffiore
DEBUG 2026-07-21 09:49:29.902 UTC: 	 Command use: checkwrite
DEBUG 2026-07-21 09:49:29.902 UTC: 	 Options use: ['--site', 'T2_IT_Bari']
DEBUG 2026-07-21 09:49:29.902 UTC: 	 Instance is None
DEBUG 2026-07-21 09:49:29.902 UTC: 	 Server base url is None
DEBUG 2026-07-21 09:49:29.902 UTC: 	 Retrieving username ...
DEBUG 2026-07-21 09:49:29.902 UTC: 	 Retrieving username from CRIC...
DEBUG 2026-07-21 09:49:30.797 UTC: 	 username is ffiore
INFO 2026-07-21 09:49:30.797 UTC: 	 Will check write permission in the default location /store/user/<username>
INFO 2026-07-21 09:49:30.797 UTC: 	 Validating LFN /store/user/ffiore...
INFO 2026-07-21 09:49:30.797 UTC: 	 LFN /store/user/ffiore is valid.
INFO 2026-07-21 09:49:30.809 UTC: 	 Will use `gfal-copy`, `gfal-rm` commands for checking write permissions
INFO 2026-07-21 09:49:30.809 UTC: 	 Will check write permission in /store/user/ffiore on site T2_IT_Bari
INFO 2026-07-21 09:49:30.836 UTC: 	 Will use PFN: davs://webdav.recas.ba.infn.it:8443/cms/store/user/ffiore/crab3checkwrite_20260721_114930_d259149c-8ac9-434e-88f2-2602256c25b7/d259149c-8ac9-434e-88f2-2602256c25b7.tmp
INFO 2026-07-21 09:49:30.836 UTC: 	 
Attempting to create (dummy) directory crab3checkwrite_20260721_114930_d259149c-8ac9-434e-88f2-2602256c25b7 and copy (dummy) file d259149c-8ac9-434e-88f2-2602256c25b7.tmp to /store/user/ffiore

INFO 2026-07-21 09:49:30.839 UTC: 	 Executing command: which scram >/dev/null 2>&1 && eval `scram unsetenv -sh`; gfal-copy -p -v -t 180 file:///afs/cern.ch/user/f/ffiore/work/produzione/crab_MC_private/d259149c-8ac9-434e-88f2-2602256c25b7.tmp 'davs://webdav.recas.ba.infn.it:8443/cms/store/user/ffiore/crab3checkwrite_20260721_114930_d259149c-8ac9-434e-88f2-2602256c25b7/d259149c-8ac9-434e-88f2-2602256c25b7.tmp'
INFO 2026-07-21 09:49:30.839 UTC: 	 Please wait...
INFO 2026-07-21 09:53:01.461 UTC: 	 Failed running copy command
INFO 2026-07-21 09:53:01.461 UTC: 	   Stdout:
    WARNING (SEToken) Could not retrieve any token for davs://webdav.recas.ba.infn.it:8443/cms/store/user/ffiore/crab3checkwrite_20260721_114930_d259149c-8ac9-434e-88f2-2602256c25b7/d259149c-8ac9-434e-88f2-2602256c25b7.tmp
    
INFO 2026-07-21 09:53:01.461 UTC: 	   Stderr:
    Command timed out after 180 seconds!
    
INFO 2026-07-21 09:53:01.466 UTC: 	 
Checkwrite Result:
INFO 2026-07-21 09:53:01.466 UTC: 	 Unable to check write permission in /store/user/ffiore on site T2_IT_Bari
Please try again later or contact the site administrators sending them the 'crab checkwrite' output as printed above.
INFO 2026-07-21 09:53:01.466 UTC: 	 Note: You cannot write to a site if you did not ask permission.
WARNING 2026-07-21 09:53:01.466 UTC: 	 Command checkwrite failed
ERROR 2026-07-21 09:53:01.466 UTC: 	 Caught CommandFailedException exception
Traceback (most recent call last):
  File "/cvmfs/cms.cern.ch/share/cms/crab-prod/v3.260630.00/bin/crab.py", line 157, in <module>
    client()
  File "/cvmfs/cms.cern.ch/share/cms/crab-prod/v3.260630.00/bin/crab.py", line 144, in __call__
    raise CommandFailedException("Command %s failed" % str(args[0]))
CRABClient.ClientExceptions.CommandFailedException: Command checkwrite failed
DEBUG 2026-07-21 09:53:21.781 UTC: 	 CRAB Client version: v3.260630
DEBUG 2026-07-21 09:53:21.781 UTC: 	 Running on: Linux lxplus804.cern.ch 4.18.0-553.141.1.el8_10.x86_64 #1 SMP Sun Jul 5 20:51:13 EDT 2026 x86_64 x86_64 x86_64 GNU/Linux
DEBUG 2026-07-21 09:53:21.781 UTC: 	 Not using Singularity
DEBUG 2026-07-21 09:53:21.781 UTC: 	 Operating System: Red Hat Enterprise Linux 8.10 (Ootpa)
DEBUG 2026-07-21 09:53:21.781 UTC: 	 Executing command: 'checkwrite'
DEBUG 2026-07-21 09:53:21.782 UTC: 	 Found CRAB cache file /afs/cern.ch/user/f/ffiore/.crab3
DEBUG 2026-07-21 09:53:21.782 UTC: 	 Checking credentials
DEBUG 2026-07-21 09:53:21.783 UTC: 	 Found proxy file /tmp/x509up_u178888
DEBUG 2026-07-21 09:53:21.783 UTC: 	 Making sure it has proper VOMS extension
DEBUG 2026-07-21 09:53:21.783 UTC: 	 Executing command :
 voms-proxy-info --vo --file /tmp/x509up_u178888
DEBUG 2026-07-21 09:53:21.800 UTC: 	 output : cms

 error: 
 retcode : 0
DEBUG 2026-07-21 09:53:21.800 UTC: 	 Getting proxy life time left
DEBUG 2026-07-21 09:53:21.800 UTC: 	 Executing command :
 voms-proxy-info --actimeleft --timeleft --file /tmp/x509up_u178888
DEBUG 2026-07-21 09:53:21.816 UTC: 	 output : 602534
602534

 error: 
 retcode : 0
DEBUG 2026-07-21 09:53:21.816 UTC: 	 Proxy valid for 167:22:14 hours
DEBUG 2026-07-21 09:53:21.816 UTC: 	 Retrieving username ...
DEBUG 2026-07-21 09:53:21.816 UTC: 	 Retrieving username from CRIC...
DEBUG 2026-07-21 09:53:22.641 UTC: 	 username is ffiore
INFO 2026-07-21 09:53:23.059 UTC: 	 Rucio client intialized for account ffiore
DEBUG 2026-07-21 09:53:23.060 UTC: 	 Command use: checkwrite
DEBUG 2026-07-21 09:53:23.060 UTC: 	 Options use: ['--site', 'T2_IT_Legnaro']
DEBUG 2026-07-21 09:53:23.060 UTC: 	 Instance is None
DEBUG 2026-07-21 09:53:23.060 UTC: 	 Server base url is None
DEBUG 2026-07-21 09:53:23.060 UTC: 	 Retrieving username ...
DEBUG 2026-07-21 09:53:23.060 UTC: 	 Retrieving username from CRIC...
DEBUG 2026-07-21 09:53:23.889 UTC: 	 username is ffiore
INFO 2026-07-21 09:53:23.889 UTC: 	 Will check write permission in the default location /store/user/<username>
INFO 2026-07-21 09:53:23.889 UTC: 	 Validating LFN /store/user/ffiore...
INFO 2026-07-21 09:53:23.890 UTC: 	 LFN /store/user/ffiore is valid.
INFO 2026-07-21 09:53:23.901 UTC: 	 Will use `gfal-copy`, `gfal-rm` commands for checking write permissions
INFO 2026-07-21 09:53:23.901 UTC: 	 Will check write permission in /store/user/ffiore on site T2_IT_Legnaro
INFO 2026-07-21 09:53:23.926 UTC: 	 Will use PFN: davs://t2-xrdcms.lnl.infn.it:2880/pnfs/lnl.infn.it/data/cms/store/user/ffiore/crab3checkwrite_20260721_115323_8e665294-8de7-47e5-b48e-b1534a6d035a/8e665294-8de7-47e5-b48e-b1534a6d035a.tmp
INFO 2026-07-21 09:53:23.926 UTC: 	 
Attempting to create (dummy) directory crab3checkwrite_20260721_115323_8e665294-8de7-47e5-b48e-b1534a6d035a and copy (dummy) file 8e665294-8de7-47e5-b48e-b1534a6d035a.tmp to /store/user/ffiore

INFO 2026-07-21 09:53:23.930 UTC: 	 Executing command: which scram >/dev/null 2>&1 && eval `scram unsetenv -sh`; gfal-copy -p -v -t 180 file:///afs/cern.ch/user/f/ffiore/work/produzione/crab_MC_private/8e665294-8de7-47e5-b48e-b1534a6d035a.tmp 'davs://t2-xrdcms.lnl.infn.it:2880/pnfs/lnl.infn.it/data/cms/store/user/ffiore/crab3checkwrite_20260721_115323_8e665294-8de7-47e5-b48e-b1534a6d035a/8e665294-8de7-47e5-b48e-b1534a6d035a.tmp'
INFO 2026-07-21 09:53:23.930 UTC: 	 Please wait...
INFO 2026-07-21 09:53:25.142 UTC: 	 
Successfully created directory crab3checkwrite_20260721_115323_8e665294-8de7-47e5-b48e-b1534a6d035a and copied file 8e665294-8de7-47e5-b48e-b1534a6d035a.tmp to /store/user/ffiore
INFO 2026-07-21 09:53:25.142 UTC: 	 
Attempting to delete file davs://t2-xrdcms.lnl.infn.it:2880/pnfs/lnl.infn.it/data/cms/store/user/ffiore/crab3checkwrite_20260721_115323_8e665294-8de7-47e5-b48e-b1534a6d035a/8e665294-8de7-47e5-b48e-b1534a6d035a.tmp

INFO 2026-07-21 09:53:25.142 UTC: 	 Executing command: which scram >/dev/null 2>&1 && eval `scram unsetenv -sh`; gfal-rm -v -t 180 'davs://t2-xrdcms.lnl.infn.it:2880/pnfs/lnl.infn.it/data/cms/store/user/ffiore/crab3checkwrite_20260721_115323_8e665294-8de7-47e5-b48e-b1534a6d035a/8e665294-8de7-47e5-b48e-b1534a6d035a.tmp'
INFO 2026-07-21 09:53:25.143 UTC: 	 Please wait...
INFO 2026-07-21 09:53:26.006 UTC: 	 
Successfully deleted file davs://t2-xrdcms.lnl.infn.it:2880/pnfs/lnl.infn.it/data/cms/store/user/ffiore/crab3checkwrite_20260721_115323_8e665294-8de7-47e5-b48e-b1534a6d035a/8e665294-8de7-47e5-b48e-b1534a6d035a.tmp
INFO 2026-07-21 09:53:26.006 UTC: 	 
Attempting to delete directory davs://t2-xrdcms.lnl.infn.it:2880/pnfs/lnl.infn.it/data/cms/store/user/ffiore/crab3checkwrite_20260721_115323_8e665294-8de7-47e5-b48e-b1534a6d035a/

INFO 2026-07-21 09:53:26.006 UTC: 	 Executing command: which scram >/dev/null 2>&1 && eval `scram unsetenv -sh`; gfal-rm -r -v -t 180 'davs://t2-xrdcms.lnl.infn.it:2880/pnfs/lnl.infn.it/data/cms/store/user/ffiore/crab3checkwrite_20260721_115323_8e665294-8de7-47e5-b48e-b1534a6d035a/'
INFO 2026-07-21 09:53:26.006 UTC: 	 Please wait...
INFO 2026-07-21 09:53:26.956 UTC: 	 
Successfully deleted directory davs://t2-xrdcms.lnl.infn.it:2880/pnfs/lnl.infn.it/data/cms/store/user/ffiore/crab3checkwrite_20260721_115323_8e665294-8de7-47e5-b48e-b1534a6d035a/
INFO 2026-07-21 09:53:26.959 UTC: 	 
Checkwrite Result:
INFO 2026-07-21 09:53:26.959 UTC: 	 Success: Able to write in /store/user/ffiore on site T2_IT_Legnaro
DEBUG 2026-07-22 13:46:05.912 UTC: 	 CRAB Client version: v3.260630
DEBUG 2026-07-22 13:46:05.912 UTC: 	 Running on: Linux lxplus808.cern.ch 4.18.0-553.144.1.el8_10.x86_64 #1 SMP Mon Jul 13 11:33:25 EDT 2026 x86_64 x86_64 x86_64 GNU/Linux
DEBUG 2026-07-22 13:46:05.912 UTC: 	 Not using Singularity
DEBUG 2026-07-22 13:46:05.912 UTC: 	 Operating System: Red Hat Enterprise Linux 8.10 (Ootpa)
DEBUG 2026-07-22 13:46:05.912 UTC: 	 Executing command: 'submit'
DEBUG 2026-07-22 13:46:05.912 UTC: 	 Found CRAB cache file /afs/cern.ch/user/f/ffiore/.crab3
INFO 2026-07-22 13:46:05.914 UTC: 	 Will use CRAB configuration file crab_sub_2023LHEGS.py
DEBUG 2026-07-22 13:46:05.914 UTC: 	 Loading CRAB configuration file.
DEBUG 2026-07-22 13:46:05.920 UTC: 	 Will use CRAB plugin PRIVATEMC (i.e. will run an a MC generation job type).
ERROR 2026-07-22 13:46:05.920 UTC: 	 Working area '/afs/cern.ch/user/f/ffiore/work/produzione/crab_MC_private/VBS_semilep_ZZ_EWK_2023LHEGS_v12/crab_VBS_semilep_ZZ_EWK_2023LHEGS_v12' already exists 
Please change the requestName in the config file
ERROR 2026-07-22 13:46:05.920 UTC: 	 Caught ClientException exception
Traceback (most recent call last):
  File "/cvmfs/cms.cern.ch/share/cms/crab-prod/v3.260630.00/bin/crab.py", line 157, in <module>
    client()
  File "/cvmfs/cms.cern.ch/share/cms/crab-prod/v3.260630.00/bin/crab.py", line 135, in __call__
    self.cmd = sub_cmd(self.logger, args[1:])  # the crab command to be executed
  File "/cvmfs/cms.cern.ch/share/cms/crab-prod/v3.260630.00/lib/CRABClient/Commands/submit.py", line 37, in __init__
    SubCommand.__init__(self, logger, cmdargs, disable_interspersed_args=True)
  File "/cvmfs/cms.cern.ch/share/cms/crab-prod/v3.260630.00/lib/CRABClient/Commands/SubCommand.py", line 328, in __init__
    self.requestarea, self.requestname, self.logfile = createWorkArea(
  File "/cvmfs/cms.cern.ch/share/cms/crab-prod/v3.260630.00/lib/CRABClient/ClientUtilities.py", line 392, in createWorkArea
    raise ConfigException("Working area '%s' already exists \nPlease change the requestName in the config file" % fullpath)
CRABClient.ClientExceptions.ConfigException: Working area '/afs/cern.ch/user/f/ffiore/work/produzione/crab_MC_private/VBS_semilep_ZZ_EWK_2023LHEGS_v12/crab_VBS_semilep_ZZ_EWK_2023LHEGS_v12' already exists 
Please change the requestName in the config file
INFO 2026-07-22 13:46:05.925 UTC: 	 Log file is /afs/cern.ch/user/f/ffiore/work/produzione/crab_MC_private/crab.log
